<?xml version="1.0" encoding="UTF-8"?>
<!-- Generated by org.testng.reporters.JUnitReportReporter -->
<testsuite hostname="docme-HP-280-G1-MT-Business-PC" failures="0" tests="2" name="productmangement.ProductKitTest" time="8.815" errors="0" timestamp="2026-01-28T10:59:02 IST" skipped="0">
  <testcase classname="productmangement.ProductKitTest" name="verifyingAddNewProductKit" time="6.374"/>
  <testcase classname="productmangement.ProductKitTest" name="verifyDeleteFunction" time="2.441"/>
</testsuite> <!-- productmangement.ProductKitTest -->
