<?xml version="1.0" encoding="UTF-8"?>
<!-- Generated by org.testng.reporters.JUnitReportReporter -->
<testsuite hostname="docme-HP-280-G1-MT-Business-PC" failures="0" tests="2" name="schoolPOS.PosExchangeTest" time="1.529" errors="0" timestamp="2026-01-29T18:37:44 IST" skipped="0">
  <testcase classname="schoolPOS.PosExchangeTest" name="openPosOrderPage" time="0.961"/>
  <testcase classname="schoolPOS.PosExchangeTest" name="viewPosExchangeId" time="0.568"/>
</testsuite> <!-- schoolPOS.PosExchangeTest -->
