<?xml version="1.0" encoding="UTF-8"?>
<!-- Generated by org.testng.reporters.JUnitReportReporter -->
<testsuite hostname="docme-HP-280-G1-MT-Business-PC" failures="0" tests="3" name="settings.DeliveryPartnerTest" time="2.154" errors="0" timestamp="2026-01-30T18:26:52 IST" skipped="0">
  <testcase classname="settings.DeliveryPartnerTest" name="openDelveryPartnerPage" time="0.895"/>
  <testcase classname="settings.DeliveryPartnerTest" name="verifyTheSearchFunctionality" time="0.471"/>
  <testcase classname="settings.DeliveryPartnerTest" name="viewDeliveryPartner" time="0.788"/>
</testsuite> <!-- settings.DeliveryPartnerTest -->
