<?xml version="1.0" encoding="UTF-8"?>
<!-- Generated by org.testng.reporters.JUnitReportReporter -->
<testsuite hostname="docme-HP-280-G1-MT-Business-PC" failures="0" tests="3" name="stockmanagement.StocksAllotmentTest" time="2.459" errors="0" timestamp="2026-01-29T11:37:27 IST" skipped="0">
  <testcase classname="stockmanagement.StocksAllotmentTest" name="checkTheFilterFunction" time="1.243"/>
  <testcase classname="stockmanagement.StocksAllotmentTest" name="checkTheSearchFunction" time="0.345"/>
  <testcase classname="stockmanagement.StocksAllotmentTest" name="verifyingAddingRecievedQty" time="0.871"/>
</testsuite> <!-- stockmanagement.StocksAllotmentTest -->
