<?xml version="1.0" encoding="UTF-8"?>
<!-- Generated by org.testng.reporters.JUnitReportReporter -->
<testsuite hostname="docme-HP-280-G1-MT-Business-PC" failures="0" tests="4" name="schoolPOS.StockAllotmentTest" time="4.814" errors="0" timestamp="2026-01-29T16:51:33 IST" skipped="0">
  <testcase classname="schoolPOS.StockAllotmentTest" name="verifyAddingTransferStock" time="2.176"/>
  <testcase classname="schoolPOS.StockAllotmentTest" name="checkEditFunctionality" time="0.960"/>
  <testcase classname="schoolPOS.StockAllotmentTest" name="checkSearchFunctionality" time="0.544"/>
  <testcase classname="schoolPOS.StockAllotmentTest" name="checkDeleteFunctionality" time="1.134"/>
</testsuite> <!-- schoolPOS.StockAllotmentTest -->
