<?xml version="1.0" encoding="UTF-8"?>
<!-- Generated by org.testng.reporters.JUnitReportReporter -->
<testsuite hostname="docme-HP-280-G1-MT-Business-PC" failures="0" tests="3" name="productmangement.ProductBarcodePrintingTest" time="4.638" errors="0" timestamp="2026-01-28T12:35:14 IST" skipped="0">
  <testcase classname="productmangement.ProductBarcodePrintingTest" name="checkSearchFunctionality" time="1.512"/>
  <testcase classname="productmangement.ProductBarcodePrintingTest" name="verifyFilterFunctionality" time="0.702"/>
  <testcase classname="productmangement.ProductBarcodePrintingTest" name="productBarcodePrintingTest" time="2.424"/>
</testsuite> <!-- productmangement.ProductBarcodePrintingTest -->
