<?xml version="1.0" encoding="UTF-8"?>
<!-- Generated by org.testng.reporters.JUnitReportReporter -->
<testsuite hostname="docme-HP-280-G1-MT-Business-PC" failures="0" tests="3" name="stockmanagement.StockTest" time="3.131" errors="0" timestamp="2026-01-29T10:38:47 IST" skipped="0">
  <testcase classname="stockmanagement.StockTest" name="checkingTheChangeStatusToOffline" time="2.230"/>
  <testcase classname="stockmanagement.StockTest" name="checkingTheChangeStatusToOnline" time="0.543"/>
  <testcase classname="stockmanagement.StockTest" name="verifyTheProductInTable" time="0.358"/>
</testsuite> <!-- stockmanagement.StockTest -->
