<?xml version="1.0" encoding="UTF-8"?>
<!-- Generated by org.testng.reporters.JUnitReportReporter -->
<testsuite hostname="docme-HP-280-G1-MT-Business-PC" failures="0" tests="2" name="schoolPOS.PosReturnTest" time="1.857" errors="0" timestamp="2026-01-30T10:02:37 IST" skipped="0">
  <testcase classname="schoolPOS.PosReturnTest" name="openPosReturnPage" time="1.034"/>
  <testcase classname="schoolPOS.PosReturnTest" name="viewPosReturnId" time="0.823"/>
</testsuite> <!-- schoolPOS.PosReturnTest -->
