<?xml version="1.0" encoding="UTF-8"?>
<!-- Generated by org.testng.reporters.JUnitReportReporter -->
<testsuite hostname="docme-HP-280-G1-MT-Business-PC" failures="0" tests="3" name="settings.CustomerSupportTest" time="1.330" errors="0" timestamp="2026-01-30T17:13:45 IST" skipped="0">
  <testcase classname="settings.CustomerSupportTest" name="openCustomerSupportPage" time="0.599"/>
  <testcase classname="settings.CustomerSupportTest" name="checkTheSearchFunctonality" time="0.307"/>
  <testcase classname="settings.CustomerSupportTest" name="checkTheChatFunctonality" time="0.424"/>
</testsuite> <!-- settings.CustomerSupportTest -->
