<?xml version="1.0" encoding="UTF-8"?>
<testng-results ignored="0" total="3" passed="3" failed="0" skipped="0">
  <reporter-output>
  </reporter-output>
  <suite started-at="2026-01-30T17:13:40 IST" name="Default suite" finished-at="2026-01-30T17:13:45 IST" duration-ms="4693">
    <groups>
    </groups>
    <test started-at="2026-01-30T17:13:40 IST" name="Default test" finished-at="2026-01-30T17:13:45 IST" duration-ms="4693">
      <class name="settings.CustomerSupportTest">
        <test-method is-config="true" signature="setup()[pri:0, instance:settings.CustomerSupportTest@2a798d51]" started-at="2026-01-30T17:13:40 IST" name="setup" finished-at="2026-01-30T17:13:44 IST" duration-ms="3029" status="PASS">
          <reporter-output>
          </reporter-output>
        </test-method> <!-- setup -->
        <test-method signature="openCustomerSupportPage()[pri:1, instance:settings.CustomerSupportTest@2a798d51]" started-at="2026-01-30T17:13:44 IST" name="openCustomerSupportPage" finished-at="2026-01-30T17:13:44 IST" duration-ms="599" status="PASS">
          <reporter-output>
          </reporter-output>
        </test-method> <!-- openCustomerSupportPage -->
        <test-method signature="checkTheSearchFunctonality()[pri:2, instance:settings.CustomerSupportTest@2a798d51]" started-at="2026-01-30T17:13:44 IST" name="checkTheSearchFunctonality" finished-at="2026-01-30T17:13:44 IST" duration-ms="307" status="PASS">
          <reporter-output>
          </reporter-output>
        </test-method> <!-- checkTheSearchFunctonality -->
        <test-method signature="checkTheChatFunctonality()[pri:3, instance:settings.CustomerSupportTest@2a798d51]" started-at="2026-01-30T17:13:44 IST" name="checkTheChatFunctonality" finished-at="2026-01-30T17:13:45 IST" duration-ms="424" status="PASS">
          <reporter-output>
          </reporter-output>
        </test-method> <!-- checkTheChatFunctonality -->
      </class> <!-- settings.CustomerSupportTest -->
    </test> <!-- Default test -->
  </suite> <!-- Default suite -->
</testng-results>
