<?xml version="1.0" encoding="UTF-8"?>
<testng-results ignored="0" total="2" passed="2" failed="0" skipped="0">
  <reporter-output>
  </reporter-output>
  <suite started-at="2026-01-29T18:37:39 IST" name="Default suite" finished-at="2026-01-29T18:37:44 IST" duration-ms="4870">
    <groups>
    </groups>
    <test started-at="2026-01-29T18:37:39 IST" name="Default test" finished-at="2026-01-29T18:37:44 IST" duration-ms="4870">
      <class name="schoolPOS.PosExchangeTest">
        <test-method is-config="true" signature="setup()[pri:0, instance:schoolPOS.PosExchangeTest@6b81ce95]" started-at="2026-01-29T18:37:39 IST" name="setup" finished-at="2026-01-29T18:37:42 IST" duration-ms="3061" status="PASS">
          <reporter-output>
          </reporter-output>
        </test-method> <!-- setup -->
        <test-method signature="openPosOrderPage()[pri:1, instance:schoolPOS.PosExchangeTest@6b81ce95]" started-at="2026-01-29T18:37:42 IST" name="openPosOrderPage" finished-at="2026-01-29T18:37:43 IST" duration-ms="961" status="PASS">
          <reporter-output>
          </reporter-output>
        </test-method> <!-- openPosOrderPage -->
        <test-method signature="viewPosExchangeId()[pri:2, instance:schoolPOS.PosExchangeTest@6b81ce95]" started-at="2026-01-29T18:37:43 IST" name="viewPosExchangeId" finished-at="2026-01-29T18:37:44 IST" duration-ms="568" status="PASS">
          <reporter-output>
          </reporter-output>
        </test-method> <!-- viewPosExchangeId -->
      </class> <!-- schoolPOS.PosExchangeTest -->
    </test> <!-- Default test -->
  </suite> <!-- Default suite -->
</testng-results>
